# 
# (C) Copyright 1997 University of Paderborn
# 
# /* This file is part of the Eli translator construction system.
# 
# Eli is free software; you can redistribute it and/or modify it under
# the terms of the GNU General Public License as published by the Free
# Software Foundation; either version 2, or (at your option) any later
# version.
# 
# Eli is distributed in the hope that it will be useful, but WITHOUT ANY
# WARRANTY; without even the implied warranty of MERCHANTABILITY or
# FITNESS FOR A PARTICULAR PURPOSE.  See the GNU General Public License
# for more details.
# 
# You should have received a copy of the GNU General Public License along
# with Eli; see the file COPYING.  If not, write to the Free Software
# Foundation, 675 Mass Ave, Cambridge, MA 02139, USA. 
# 
# $Id: option.err,v 1.3 1997/08/29 10:02:31 mjung Exp $
#
# Theese will only be called, if you used a wrong command-line
#
/Specify option set with -table or -direct/{
	s/^\([^ ]* [0-9]* [0-9]*\)/\1 : (nodoc)./
	p
	d
}
/You can't use -table and -direct together/{
	s/^\([^ ]* [0-9]* [0-9]*\)/\1 : (nodoc)./
	p
	d
}
# WARNING
/Option for table driven Parser Generator ignored/{
	s/^\([^ ]* [0-9]* [0-9]*\)/\1 : (nodoc)./
	p
	d
}
/Option for direct executable Parser Generator ignored/{
	s/^\([^ ]* [0-9]* [0-9]*\)/\1 : (nodoc)./
	p
	d
}
/Doubly defined option setting ignored/{
	s/^\([^ ]* [0-9]* [0-9]*\)/\1 : (nodoc)./
	p
	d
}
/Option ignored\. Please specify '1' for DFS and '2' for SCC/{
	s/^\([^ ]* [0-9]* [0-9]*\)/\1 : (nodoc)./
	p
	d
}
# ERROR
/This Value must not be smaller than .*/{
	s/^\([^ ]* [0-9]* [0-9]*\)/\1 : (nodoc)./
	p
	d
}
s/^\([^ ]* [0-9]* [0-9]*\)/\1 : (nodoc)./p
